2014-10-08 13:40:45	C:\ld\git\php\site_loan\lavender\WebPage.php(190)	1301	View not found:index/index
#0 C:\ld\git\php\site_loan\lavender\WebPage.php(135): Lavender\WebPage->render(NULL)
#1 C:\ld\git\php\site_loan\lavender\WebPage.php(82): Lavender\WebPage->execute('index')
#2 C:\ld\git\php\site_loan\site_loan\wwwroot\index.php(22): Lavender\WebPage::run(Array)
#3 {main}
2014-10-08 13:40:45	C:\ld\git\php\site_loan\lavender\WebPage.php(190)	1301	View not found:common/error
#0 C:\ld\git\php\site_loan\lavender\WebPage.php(202): Lavender\WebPage->render(Array)
#1 C:\ld\git\php\site_loan\lavender\WebPage.php(142): Lavender\WebPage->render_error('View not found:...', 1301)
#2 C:\ld\git\php\site_loan\lavender\WebPage.php(82): Lavender\WebPage->execute('index')
#3 C:\ld\git\php\site_loan\site_loan\wwwroot\index.php(22): Lavender\WebPage::run(Array)
#4 {main}
2014-10-08 13:50:48	C:\ld\git\php\site_loan\lavender\WebPage.php(190)	1301	View not found:login/logon
#0 C:\ld\git\php\site_loan\lavender\WebPage.php(135): Lavender\WebPage->render(NULL)
#1 C:\ld\git\php\site_loan\lavender\WebPage.php(82): Lavender\WebPage->execute('logon')
#2 C:\ld\git\php\site_loan\site_loan\wwwroot\index.php(22): Lavender\WebPage::run(Array)
#3 {main}
2014-10-08 13:50:48	C:\ld\git\php\site_loan\lavender\WebPage.php(190)	1301	View not found:common/error
#0 C:\ld\git\php\site_loan\lavender\WebPage.php(202): Lavender\WebPage->render(Array)
#1 C:\ld\git\php\site_loan\lavender\WebPage.php(142): Lavender\WebPage->render_error('View not found:...', 1301)
#2 C:\ld\git\php\site_loan\lavender\WebPage.php(82): Lavender\WebPage->execute('logon')
#3 C:\ld\git\php\site_loan\site_loan\wwwroot\index.php(22): Lavender\WebPage::run(Array)
#4 {main}
2014-10-08 13:57:35	C:\ld\git\php\site_loan\lavender\WebPage.php(190)	1301	View not found:login/logon
#0 C:\ld\git\php\site_loan\lavender\WebPage.php(135): Lavender\WebPage->render(NULL)
#1 C:\ld\git\php\site_loan\lavender\WebPage.php(82): Lavender\WebPage->execute('logon')
#2 C:\ld\git\php\site_loan\site_loan\wwwroot\index.php(22): Lavender\WebPage::run(Array)
#3 {main}
2014-10-08 13:57:35	C:\ld\git\php\site_loan\lavender\WebPage.php(190)	1301	View not found:common/error
#0 C:\ld\git\php\site_loan\lavender\WebPage.php(202): Lavender\WebPage->render(Array)
#1 C:\ld\git\php\site_loan\lavender\WebPage.php(142): Lavender\WebPage->render_error('View not found:...', 1301)
#2 C:\ld\git\php\site_loan\lavender\WebPage.php(82): Lavender\WebPage->execute('logon')
#3 C:\ld\git\php\site_loan\site_loan\wwwroot\index.php(22): Lavender\WebPage::run(Array)
#4 {main}
2014-10-08 13:57:36	C:\ld\git\php\site_loan\lavender\WebPage.php(190)	1301	View not found:login/logon
#0 C:\ld\git\php\site_loan\lavender\WebPage.php(135): Lavender\WebPage->render(NULL)
#1 C:\ld\git\php\site_loan\lavender\WebPage.php(82): Lavender\WebPage->execute('logon')
#2 C:\ld\git\php\site_loan\site_loan\wwwroot\index.php(22): Lavender\WebPage::run(Array)
#3 {main}
2014-10-08 13:57:36	C:\ld\git\php\site_loan\lavender\WebPage.php(190)	1301	View not found:common/error
#0 C:\ld\git\php\site_loan\lavender\WebPage.php(202): Lavender\WebPage->render(Array)
#1 C:\ld\git\php\site_loan\lavender\WebPage.php(142): Lavender\WebPage->render_error('View not found:...', 1301)
#2 C:\ld\git\php\site_loan\lavender\WebPage.php(82): Lavender\WebPage->execute('logon')
#3 C:\ld\git\php\site_loan\site_loan\wwwroot\index.php(22): Lavender\WebPage::run(Array)
#4 {main}
2014-10-08 13:57:37	C:\ld\git\php\site_loan\lavender\WebPage.php(190)	1301	View not found:login/logon
#0 C:\ld\git\php\site_loan\lavender\WebPage.php(135): Lavender\WebPage->render(NULL)
#1 C:\ld\git\php\site_loan\lavender\WebPage.php(82): Lavender\WebPage->execute('logon')
#2 C:\ld\git\php\site_loan\site_loan\wwwroot\index.php(22): Lavender\WebPage::run(Array)
#3 {main}
2014-10-08 13:57:37	C:\ld\git\php\site_loan\lavender\WebPage.php(190)	1301	View not found:common/error
#0 C:\ld\git\php\site_loan\lavender\WebPage.php(202): Lavender\WebPage->render(Array)
#1 C:\ld\git\php\site_loan\lavender\WebPage.php(142): Lavender\WebPage->render_error('View not found:...', 1301)
#2 C:\ld\git\php\site_loan\lavender\WebPage.php(82): Lavender\WebPage->execute('logon')
#3 C:\ld\git\php\site_loan\site_loan\wwwroot\index.php(22): Lavender\WebPage::run(Array)
#4 {main}
2014-10-08 13:58:42	C:\ld\git\php\site_loan\lavender\WebPage.php(190)	1301	View not found:login/logon
#0 C:\ld\git\php\site_loan\lavender\WebPage.php(135): Lavender\WebPage->render(NULL)
#1 C:\ld\git\php\site_loan\lavender\WebPage.php(82): Lavender\WebPage->execute('logon')
#2 C:\ld\git\php\site_loan\site_loan\wwwroot\index.php(22): Lavender\WebPage::run(Array)
#3 {main}
2014-10-08 13:58:42	C:\ld\git\php\site_loan\lavender\WebPage.php(190)	1301	View not found:common/error
#0 C:\ld\git\php\site_loan\lavender\WebPage.php(202): Lavender\WebPage->render(Array)
#1 C:\ld\git\php\site_loan\lavender\WebPage.php(142): Lavender\WebPage->render_error('View not found:...', 1301)
#2 C:\ld\git\php\site_loan\lavender\WebPage.php(82): Lavender\WebPage->execute('logon')
#3 C:\ld\git\php\site_loan\site_loan\wwwroot\index.php(22): Lavender\WebPage::run(Array)
#4 {main}
2014-10-08 13:58:44	C:\ld\git\php\site_loan\lavender\WebPage.php(190)	1301	View not found:login/logon
#0 C:\ld\git\php\site_loan\lavender\WebPage.php(135): Lavender\WebPage->render(NULL)
#1 C:\ld\git\php\site_loan\lavender\WebPage.php(82): Lavender\WebPage->execute('logon')
#2 C:\ld\git\php\site_loan\site_loan\wwwroot\index.php(22): Lavender\WebPage::run(Array)
#3 {main}
2014-10-08 13:58:44	C:\ld\git\php\site_loan\lavender\WebPage.php(190)	1301	View not found:common/error
#0 C:\ld\git\php\site_loan\lavender\WebPage.php(202): Lavender\WebPage->render(Array)
#1 C:\ld\git\php\site_loan\lavender\WebPage.php(142): Lavender\WebPage->render_error('View not found:...', 1301)
#2 C:\ld\git\php\site_loan\lavender\WebPage.php(82): Lavender\WebPage->execute('logon')
#3 C:\ld\git\php\site_loan\site_loan\wwwroot\index.php(22): Lavender\WebPage::run(Array)
#4 {main}
2014-10-08 13:59:19	C:\ld\git\php\site_loan\lavender\WebPage.php(190)	1301	View not found:login/logon
#0 C:\ld\git\php\site_loan\lavender\WebPage.php(135): Lavender\WebPage->render(NULL)
#1 C:\ld\git\php\site_loan\lavender\WebPage.php(82): Lavender\WebPage->execute('logon')
#2 C:\ld\git\php\site_loan\site_loan\wwwroot\index.php(22): Lavender\WebPage::run(Array)
#3 {main}
2014-10-08 13:59:19	C:\ld\git\php\site_loan\lavender\WebPage.php(190)	1301	View not found:common/error
#0 C:\ld\git\php\site_loan\lavender\WebPage.php(202): Lavender\WebPage->render(Array)
#1 C:\ld\git\php\site_loan\lavender\WebPage.php(142): Lavender\WebPage->render_error('View not found:...', 1301)
#2 C:\ld\git\php\site_loan\lavender\WebPage.php(82): Lavender\WebPage->execute('logon')
#3 C:\ld\git\php\site_loan\site_loan\wwwroot\index.php(22): Lavender\WebPage::run(Array)
#4 {main}
2014-10-08 13:59:41	C:\ld\git\php\site_loan\lavender\WebPage.php(190)	1301	View not found:login/logon
#0 C:\ld\git\php\site_loan\lavender\WebPage.php(135): Lavender\WebPage->render(NULL)
#1 C:\ld\git\php\site_loan\lavender\WebPage.php(82): Lavender\WebPage->execute('logon')
#2 C:\ld\git\php\site_loan\site_loan\wwwroot\index.php(22): Lavender\WebPage::run(Array)
#3 {main}
2014-10-08 13:59:41	C:\ld\git\php\site_loan\lavender\WebPage.php(190)	1301	View not found:common/error
#0 C:\ld\git\php\site_loan\lavender\WebPage.php(202): Lavender\WebPage->render(Array)
#1 C:\ld\git\php\site_loan\lavender\WebPage.php(142): Lavender\WebPage->render_error('View not found:...', 1301)
#2 C:\ld\git\php\site_loan\lavender\WebPage.php(82): Lavender\WebPage->execute('logon')
#3 C:\ld\git\php\site_loan\site_loan\wwwroot\index.php(22): Lavender\WebPage::run(Array)
#4 {main}
2014-10-08 13:59:42	C:\ld\git\php\site_loan\lavender\WebPage.php(190)	1301	View not found:login/logon
#0 C:\ld\git\php\site_loan\lavender\WebPage.php(135): Lavender\WebPage->render(NULL)
#1 C:\ld\git\php\site_loan\lavender\WebPage.php(82): Lavender\WebPage->execute('logon')
#2 C:\ld\git\php\site_loan\site_loan\wwwroot\index.php(22): Lavender\WebPage::run(Array)
#3 {main}
2014-10-08 13:59:42	C:\ld\git\php\site_loan\lavender\WebPage.php(190)	1301	View not found:common/error
#0 C:\ld\git\php\site_loan\lavender\WebPage.php(202): Lavender\WebPage->render(Array)
#1 C:\ld\git\php\site_loan\lavender\WebPage.php(142): Lavender\WebPage->render_error('View not found:...', 1301)
#2 C:\ld\git\php\site_loan\lavender\WebPage.php(82): Lavender\WebPage->execute('logon')
#3 C:\ld\git\php\site_loan\site_loan\wwwroot\index.php(22): Lavender\WebPage::run(Array)
#4 {main}
2014-10-08 13:59:43	C:\ld\git\php\site_loan\lavender\WebPage.php(190)	1301	View not found:login/logon
#0 C:\ld\git\php\site_loan\lavender\WebPage.php(135): Lavender\WebPage->render(NULL)
#1 C:\ld\git\php\site_loan\lavender\WebPage.php(82): Lavender\WebPage->execute('logon')
#2 C:\ld\git\php\site_loan\site_loan\wwwroot\index.php(22): Lavender\WebPage::run(Array)
#3 {main}
2014-10-08 13:59:43	C:\ld\git\php\site_loan\lavender\WebPage.php(190)	1301	View not found:common/error
#0 C:\ld\git\php\site_loan\lavender\WebPage.php(202): Lavender\WebPage->render(Array)
#1 C:\ld\git\php\site_loan\lavender\WebPage.php(142): Lavender\WebPage->render_error('View not found:...', 1301)
#2 C:\ld\git\php\site_loan\lavender\WebPage.php(82): Lavender\WebPage->execute('logon')
#3 C:\ld\git\php\site_loan\site_loan\wwwroot\index.php(22): Lavender\WebPage::run(Array)
#4 {main}
2014-10-08 14:01:01	C:\ld\git\php\site_loan\lavender\WebPage.php(190)	1301	View not found:login/logon
#0 C:\ld\git\php\site_loan\lavender\WebPage.php(135): Lavender\WebPage->render(NULL)
#1 C:\ld\git\php\site_loan\lavender\WebPage.php(82): Lavender\WebPage->execute('logon')
#2 C:\ld\git\php\site_loan\site_loan\wwwroot\index.php(22): Lavender\WebPage::run(Array)
#3 {main}
2014-10-08 14:01:01	C:\ld\git\php\site_loan\lavender\WebPage.php(190)	1301	View not found:common/error
#0 C:\ld\git\php\site_loan\lavender\WebPage.php(202): Lavender\WebPage->render(Array)
#1 C:\ld\git\php\site_loan\lavender\WebPage.php(142): Lavender\WebPage->render_error('View not found:...', 1301)
#2 C:\ld\git\php\site_loan\lavender\WebPage.php(82): Lavender\WebPage->execute('logon')
#3 C:\ld\git\php\site_loan\site_loan\wwwroot\index.php(22): Lavender\WebPage::run(Array)
#4 {main}
2014-10-08 14:01:22	C:\ld\git\php\site_loan\lavender\WebPage.php(190)	1301	View not found:login/logon
#0 C:\ld\git\php\site_loan\lavender\WebPage.php(135): Lavender\WebPage->render(NULL)
#1 C:\ld\git\php\site_loan\lavender\WebPage.php(82): Lavender\WebPage->execute('logon')
#2 C:\ld\git\php\site_loan\site_loan\wwwroot\index.php(22): Lavender\WebPage::run(Array)
#3 {main}
2014-10-08 14:01:22	C:\ld\git\php\site_loan\lavender\WebPage.php(190)	1301	View not found:common/error
#0 C:\ld\git\php\site_loan\lavender\WebPage.php(202): Lavender\WebPage->render(Array)
#1 C:\ld\git\php\site_loan\lavender\WebPage.php(142): Lavender\WebPage->render_error('View not found:...', 1301)
#2 C:\ld\git\php\site_loan\lavender\WebPage.php(82): Lavender\WebPage->execute('logon')
#3 C:\ld\git\php\site_loan\site_loan\wwwroot\index.php(22): Lavender\WebPage::run(Array)
#4 {main}
2014-10-08 14:01:29	C:\ld\git\php\site_loan\lavender\WebPage.php(190)	1301	View not found:login/logon
#0 C:\ld\git\php\site_loan\lavender\WebPage.php(135): Lavender\WebPage->render(NULL)
#1 C:\ld\git\php\site_loan\lavender\WebPage.php(82): Lavender\WebPage->execute('logon')
#2 C:\ld\git\php\site_loan\site_loan\wwwroot\index.php(22): Lavender\WebPage::run(Array)
#3 {main}
2014-10-08 14:01:29	C:\ld\git\php\site_loan\lavender\WebPage.php(190)	1301	View not found:common/error
#0 C:\ld\git\php\site_loan\lavender\WebPage.php(202): Lavender\WebPage->render(Array)
#1 C:\ld\git\php\site_loan\lavender\WebPage.php(142): Lavender\WebPage->render_error('View not found:...', 1301)
#2 C:\ld\git\php\site_loan\lavender\WebPage.php(82): Lavender\WebPage->execute('logon')
#3 C:\ld\git\php\site_loan\site_loan\wwwroot\index.php(22): Lavender\WebPage::run(Array)
#4 {main}
2014-10-08 14:01:31	C:\ld\git\php\site_loan\lavender\WebPage.php(190)	1301	View not found:login/logon
#0 C:\ld\git\php\site_loan\lavender\WebPage.php(135): Lavender\WebPage->render(NULL)
#1 C:\ld\git\php\site_loan\lavender\WebPage.php(82): Lavender\WebPage->execute('logon')
#2 C:\ld\git\php\site_loan\site_loan\wwwroot\index.php(22): Lavender\WebPage::run(Array)
#3 {main}
2014-10-08 14:01:31	C:\ld\git\php\site_loan\lavender\WebPage.php(190)	1301	View not found:common/error
#0 C:\ld\git\php\site_loan\lavender\WebPage.php(202): Lavender\WebPage->render(Array)
#1 C:\ld\git\php\site_loan\lavender\WebPage.php(142): Lavender\WebPage->render_error('View not found:...', 1301)
#2 C:\ld\git\php\site_loan\lavender\WebPage.php(82): Lavender\WebPage->execute('logon')
#3 C:\ld\git\php\site_loan\site_loan\wwwroot\index.php(22): Lavender\WebPage::run(Array)
#4 {main}
