2014-07-17 11:22:42	E:\work\dev\lap_dev\lavender\WebPage.php(190)	1301	View not found:login/logout
#0 E:\work\dev\lap_dev\lavender\WebPage.php(135): Lavender\WebPage->render(NULL)
#1 E:\work\dev\lap_dev\lavender\WebPage.php(82): Lavender\WebPage->execute('logout')
#2 E:\work\dev\lap_dev\app\wwwroot\index.php(22): Lavender\WebPage::run(Array)
#3 {main}
2014-07-17 11:24:15	E:\work\dev\lap_dev\lavender\WebPage.php(190)	1301	View not found:feedback/feed_submit
#0 E:\work\dev\lap_dev\lavender\WebPage.php(135): Lavender\WebPage->render(NULL)
#1 E:\work\dev\lap_dev\lavender\WebPage.php(82): Lavender\WebPage->execute('feed_submit')
#2 E:\work\dev\lap_dev\app\wwwroot\index.php(22): Lavender\WebPage::run(Array)
#3 {main}
2014-07-17 11:24:26	E:\work\dev\lap_dev\lavender\WebPage.php(190)	1301	View not found:login/logout
#0 E:\work\dev\lap_dev\lavender\WebPage.php(135): Lavender\WebPage->render(NULL)
#1 E:\work\dev\lap_dev\lavender\WebPage.php(82): Lavender\WebPage->execute('logout')
#2 E:\work\dev\lap_dev\app\wwwroot\index.php(22): Lavender\WebPage::run(Array)
#3 {main}
2014-07-17 11:26:46	E:\work\dev\lap_dev\lavender\WebPage.php(190)	1301	View not found:login/logout
#0 E:\work\dev\lap_dev\lavender\WebPage.php(135): Lavender\WebPage->render(NULL)
#1 E:\work\dev\lap_dev\lavender\WebPage.php(82): Lavender\WebPage->execute('logout')
#2 E:\work\dev\lap_dev\app\wwwroot\index.php(22): Lavender\WebPage::run(Array)
#3 {main}
2014-07-17 11:27:15	E:\work\dev\lap_dev\lavender\WebPage.php(190)	1301	View not found:login/logout
#0 E:\work\dev\lap_dev\lavender\WebPage.php(135): Lavender\WebPage->render(NULL)
#1 E:\work\dev\lap_dev\lavender\WebPage.php(82): Lavender\WebPage->execute('logout')
#2 E:\work\dev\lap_dev\app\wwwroot\index.php(22): Lavender\WebPage::run(Array)
#3 {main}
2014-07-17 11:28:18	E:\work\dev\lap_dev\lavender\WebPage.php(190)	1301	View not found:login/logout
#0 E:\work\dev\lap_dev\lavender\WebPage.php(135): Lavender\WebPage->render(NULL)
#1 E:\work\dev\lap_dev\lavender\WebPage.php(82): Lavender\WebPage->execute('logout')
#2 E:\work\dev\lap_dev\app\wwwroot\index.php(22): Lavender\WebPage::run(Array)
#3 {main}
2014-07-17 11:29:19	E:\work\dev\lap_dev\lavender\WebPage.php(190)	1301	View not found:login/logout
#0 E:\work\dev\lap_dev\lavender\WebPage.php(135): Lavender\WebPage->render(NULL)
#1 E:\work\dev\lap_dev\lavender\WebPage.php(82): Lavender\WebPage->execute('logout')
#2 E:\work\dev\lap_dev\app\wwwroot\index.php(22): Lavender\WebPage::run(Array)
#3 {main}
2014-07-17 11:44:43	E:\work\dev\lap_dev\lavender\WebPage.php(190)	1301	View not found:login/logout
#0 E:\work\dev\lap_dev\lavender\WebPage.php(135): Lavender\WebPage->render(NULL)
#1 E:\work\dev\lap_dev\lavender\WebPage.php(82): Lavender\WebPage->execute('logout')
#2 E:\work\dev\lap_dev\app\wwwroot\index.php(22): Lavender\WebPage::run(Array)
#3 {main}
2014-07-17 11:46:10	E:\work\dev\lap_dev\lavender\WebPage.php(190)	1301	View not found:login/logout
#0 E:\work\dev\lap_dev\lavender\WebPage.php(135): Lavender\WebPage->render(NULL)
#1 E:\work\dev\lap_dev\lavender\WebPage.php(82): Lavender\WebPage->execute('logout')
#2 E:\work\dev\lap_dev\app\wwwroot\index.php(22): Lavender\WebPage::run(Array)
#3 {main}
