2014-07-07 17:27:03	E:\work\dev\lap_dev\lavender\WebPage.php(190)	1301	View not found:login/logout
#0 E:\work\dev\lap_dev\lavender\WebPage.php(135): Lavender\WebPage->render(NULL)
#1 E:\work\dev\lap_dev\lavender\WebPage.php(82): Lavender\WebPage->execute('logout')
#2 E:\work\dev\lap_dev\app\wwwroot\index.php(22): Lavender\WebPage::run(Array)
#3 {main}
2014-07-07 17:32:41	E:\work\dev\lap_dev\lavender\Session.php(135)	1211	session secret verify failed.
#0 E:\work\dev\lap_dev\lavender\Session.php(67): Lavender\Session->init()
#1 E:\work\dev\lap_dev\app\Action\login.php(58): Lavender\Session->destroy()
#2 E:\work\dev\lap_dev\lavender\WebPage.php(132): App\Action\login->logout_action()
#3 E:\work\dev\lap_dev\lavender\WebPage.php(82): Lavender\WebPage->execute('logout')
#4 E:\work\dev\lap_dev\app\wwwroot\index.php(22): Lavender\WebPage::run(Array)
#5 {main}
2014-07-07 17:41:57	E:\work\dev\lap_dev\lavender\WebPage.php(190)	1301	View not found:login/logout
#0 E:\work\dev\lap_dev\lavender\WebPage.php(135): Lavender\WebPage->render(NULL)
#1 E:\work\dev\lap_dev\lavender\WebPage.php(82): Lavender\WebPage->execute('logout')
#2 E:\work\dev\lap_dev\app\wwwroot\index.php(22): Lavender\WebPage::run(Array)
#3 {main}
2014-07-07 17:42:03	E:\work\dev\lap_dev\lavender\Session.php(131)	1211	session record not found on server.
#0 E:\work\dev\lap_dev\lavender\Session.php(67): Lavender\Session->init()
#1 E:\work\dev\lap_dev\app\Action\login.php(58): Lavender\Session->destroy()
#2 E:\work\dev\lap_dev\lavender\WebPage.php(132): App\Action\login->logout_action()
#3 E:\work\dev\lap_dev\lavender\WebPage.php(82): Lavender\WebPage->execute('logout')
#4 E:\work\dev\lap_dev\app\wwwroot\index.php(22): Lavender\WebPage::run(Array)
#5 {main}
2014-07-07 17:51:25	E:\work\dev\lap_dev\lavender\Session.php(135)	1211	session secret verify failed.
#0 E:\work\dev\lap_dev\lavender\Session.php(35): Lavender\Session->init()
#1 E:\work\dev\lap_dev\lavender\WebPage.php(126): Lavender\Session->is_valid()
#2 E:\work\dev\lap_dev\lavender\WebPage.php(82): Lavender\WebPage->execute('index')
#3 E:\work\dev\lap_dev\app\wwwroot\index.php(22): Lavender\WebPage::run(Array)
#4 {main}
2014-07-07 17:51:26	E:\work\dev\lap_dev\lavender\Session.php(135)	1211	session secret verify failed.
#0 E:\work\dev\lap_dev\lavender\Session.php(35): Lavender\Session->init()
#1 E:\work\dev\lap_dev\lavender\WebPage.php(126): Lavender\Session->is_valid()
#2 E:\work\dev\lap_dev\lavender\WebPage.php(82): Lavender\WebPage->execute('index')
#3 E:\work\dev\lap_dev\app\wwwroot\index.php(22): Lavender\WebPage::run(Array)
#4 {main}
2014-07-07 17:54:10	E:\work\dev\lap_dev\lavender\Session.php(135)	1211	session secret verify failed.
#0 E:\work\dev\lap_dev\lavender\Session.php(35): Lavender\Session->init()
#1 E:\work\dev\lap_dev\lavender\WebPage.php(126): Lavender\Session->is_valid()
#2 E:\work\dev\lap_dev\lavender\WebPage.php(82): Lavender\WebPage->execute('footer')
#3 E:\work\dev\lap_dev\app\wwwroot\index.php(22): Lavender\WebPage::run(Array)
#4 {main}
2014-07-07 17:54:10	E:\work\dev\lap_dev\lavender\Session.php(135)	1211	session secret verify failed.
#0 E:\work\dev\lap_dev\lavender\Session.php(35): Lavender\Session->init()
#1 E:\work\dev\lap_dev\lavender\WebPage.php(126): Lavender\Session->is_valid()
#2 E:\work\dev\lap_dev\lavender\WebPage.php(82): Lavender\WebPage->execute('header')
#3 E:\work\dev\lap_dev\app\wwwroot\index.php(22): Lavender\WebPage::run(Array)
#4 {main}
2014-07-07 17:54:10	E:\work\dev\lap_dev\lavender\Session.php(135)	1211	session secret verify failed.
#0 E:\work\dev\lap_dev\lavender\Session.php(35): Lavender\Session->init()
#1 E:\work\dev\lap_dev\lavender\WebPage.php(126): Lavender\Session->is_valid()
#2 E:\work\dev\lap_dev\lavender\WebPage.php(82): Lavender\WebPage->execute('menu')
#3 E:\work\dev\lap_dev\app\wwwroot\index.php(22): Lavender\WebPage::run(Array)
#4 {main}
2014-07-07 17:54:10	E:\work\dev\lap_dev\lavender\Session.php(135)	1211	session secret verify failed.
#0 E:\work\dev\lap_dev\lavender\Session.php(35): Lavender\Session->init()
#1 E:\work\dev\lap_dev\lavender\WebPage.php(126): Lavender\Session->is_valid()
#2 E:\work\dev\lap_dev\lavender\WebPage.php(82): Lavender\WebPage->execute('list_task')
#3 E:\work\dev\lap_dev\app\wwwroot\index.php(22): Lavender\WebPage::run(Array)
#4 {main}
2014-07-07 17:57:32	E:\work\dev\lap_dev\lavender\WebPage.php(190)	1301	View not found:login/logout
#0 E:\work\dev\lap_dev\lavender\WebPage.php(135): Lavender\WebPage->render(NULL)
#1 E:\work\dev\lap_dev\lavender\WebPage.php(82): Lavender\WebPage->execute('logout')
#2 E:\work\dev\lap_dev\app\wwwroot\index.php(22): Lavender\WebPage::run(Array)
#3 {main}
2014-07-07 17:57:36	E:\work\dev\lap_dev\lavender\Session.php(131)	1211	session record not found on server.
#0 E:\work\dev\lap_dev\lavender\Session.php(67): Lavender\Session->init()
#1 E:\work\dev\lap_dev\app\Action\login.php(58): Lavender\Session->destroy()
#2 E:\work\dev\lap_dev\lavender\WebPage.php(132): App\Action\login->logout_action()
#3 E:\work\dev\lap_dev\lavender\WebPage.php(82): Lavender\WebPage->execute('logout')
#4 E:\work\dev\lap_dev\app\wwwroot\index.php(22): Lavender\WebPage::run(Array)
#5 {main}
